[11484:11484:0520/142426:WARNING:password_store_factory.cc(250)] Using basic (unencrypted) store for password storage. See https://chromium.googlesource.com/chromium/src/+/master/docs/linux_password_storage.md for more information about password storage options.
[11484:11484:0520/142426:INFO:CONSOLE(19)] "background.js->0.7650557041066239->init", source: chrome-extension://lhinekhdnmegailnmihlaffpgdlcnkdk/js/backgroundB.js (19)
[11484:11484:0520/142426:INFO:CONSOLE(4559)] "TEST", source: chrome-extension://lhinekhdnmegailnmihlaffpgdlcnkdk/background/selection.js (4559)
[11484:11484:0520/142426:INFO:CONSOLE(2722)] "Load Patterns", source: chrome-extension://lhinekhdnmegailnmihlaffpgdlcnkdk/background/selection.js (2722)
[11484:11484:0520/142426:INFO:CONSOLE(2723)] "Alpha?", source: chrome-extension://lhinekhdnmegailnmihlaffpgdlcnkdk/background/selection.js (2723)
[11484:11484:0520/142426:INFO:CONSOLE(2766)] "Loading patterns from https://www.broadlook.com/capturecorepatternsalpha.txt?ts=528", source: chrome-extension://lhinekhdnmegailnmihlaffpgdlcnkdk/background/selection.js (2766)
[11484:11484:0520/142426:INFO:CONSOLE(2766)] "Loading patterns from https://capture-patterns.s3.amazonaws.com/capture-community-patterns-alpha.txt?ts=533", source: chrome-extension://lhinekhdnmegailnmihlaffpgdlcnkdk/background/selection.js (2766)
[11484:11484:0520/142426:INFO:CONSOLE(2772)] "Loading patterns", source: chrome-extension://lhinekhdnmegailnmihlaffpgdlcnkdk/background/selection.js (2772)
[11484:11484:0520/142426:ERROR:CONSOLE(2780)] "Error loading patterns", source: chrome-extension://lhinekhdnmegailnmihlaffpgdlcnkdk/background/selection.js (2780)
[11484:11484:0520/142426:INFO:CONSOLE(982)] "********* This is a first install!", source: chrome-extension://lhinekhdnmegailnmihlaffpgdlcnkdk/js/backgroundB.js (982)
[11484:11484:0520/142426:INFO:CONSOLE(974)] "*** initForFirstInstall", source: chrome-extension://lhinekhdnmegailnmihlaffpgdlcnkdk/js/backgroundB.js (974)
[11484:11484:0520/142426:INFO:CONSOLE(2743)] "Pattern Parser Reposne > ", source: chrome-extension://lhinekhdnmegailnmihlaffpgdlcnkdk/background/selection.js (2743)
[11484:11484:0520/142426:ERROR:CONSOLE(4571)] "Error > ", source: chrome-extension://lhinekhdnmegailnmihlaffpgdlcnkdk/background/selection.js (4571)
[11484:11484:0520/142426:INFO:CONSOLE(143)] "******************************** PORT CONNECTED", source: chrome-extension://lhinekhdnmegailnmihlaffpgdlcnkdk/js/backgroundB.js (143)
[11484:11484:0520/142426:INFO:CONSOLE(144)] "background.js->0.7650557041066239->addListener", source: chrome-extension://lhinekhdnmegailnmihlaffpgdlcnkdk/js/backgroundB.js (144)
[11484:11484:0520/142426:INFO:CONSOLE(148)] "background.js->0.7650557041066239->onMessage", source: chrome-extension://lhinekhdnmegailnmihlaffpgdlcnkdk/js/backgroundB.js (148)
[11484:11484:0520/142426:INFO:CONSOLE(153)] "background.js->0.7650557041066239->getting contentSettings", source: chrome-extension://lhinekhdnmegailnmihlaffpgdlcnkdk/js/backgroundB.js (153)
[11484:11484:0520/142426:INFO:CONSOLE(161)] "background.js->0.7650557041066239->contentSettings were loaded successfully.", source: chrome-extension://lhinekhdnmegailnmihlaffpgdlcnkdk/js/backgroundB.js (161)
[11484:11484:0520/142426:INFO:CONSOLE(176)] "background.js->0.7650557041066239->AllowNotification=", source: chrome-extension://lhinekhdnmegailnmihlaffpgdlcnkdk/js/backgroundB.js (176)
[11484:11484:0520/142426:INFO:CONSOLE(204)] "background.js->0.7650557041066239->getPatterns", source: chrome-extension://lhinekhdnmegailnmihlaffpgdlcnkdk/js/backgroundB.js (204)
[11484:11484:0520/142426:INFO:CONSOLE(2204)] "domain", source: chrome-extension://lhinekhdnmegailnmihlaffpgdlcnkdk/background/selection.js (2204)
[11484:11484:0520/142426:INFO:CONSOLE(148)] "background.js->0.7650557041066239->onMessage", source: chrome-extension://lhinekhdnmegailnmihlaffpgdlcnkdk/js/backgroundB.js (148)
[11484:11484:0520/142426:INFO:CONSOLE(318)] "background.js->0.7650557041066239->FindInCRM", source: chrome-extension://lhinekhdnmegailnmihlaffpgdlcnkdk/js/backgroundB.js (318)
[11484:11484:0520/142426:INFO:CONSOLE(507)] "read record", source: chrome-extension://lhinekhdnmegailnmihlaffpgdlcnkdk/js/backgroundB.js (507)
[11484:11484:0520/142426:INFO:CONSOLE(326)] "background.js->0.7650557041066239->respond", source: chrome-extension://lhinekhdnmegailnmihlaffpgdlcnkdk/js/backgroundB.js (326)
[11484:11484:0520/142426:INFO:CONSOLE(637)] "******************************** PORT DISCONNECTED", source: chrome-extension://lhinekhdnmegailnmihlaffpgdlcnkdk/js/backgroundB.js (637)
[11484:11484:0520/142426:INFO:CONSOLE(4559)] "TEST", source: chrome-extension://lhinekhdnmegailnmihlaffpgdlcnkdk/background/selection.js (4559)
[11484:11484:0520/142426:INFO:CONSOLE(2722)] "Load Patterns", source: chrome-extension://lhinekhdnmegailnmihlaffpgdlcnkdk/background/selection.js (2722)
[11484:11484:0520/142426:INFO:CONSOLE(2723)] "Alpha?", source: chrome-extension://lhinekhdnmegailnmihlaffpgdlcnkdk/background/selection.js (2723)
[11484:11484:0520/142426:INFO:CONSOLE(2766)] "Loading patterns from https://www.broadlook.com/capturecorepatternsalpha.txt?ts=962", source: chrome-extension://lhinekhdnmegailnmihlaffpgdlcnkdk/background/selection.js (2766)
[11484:11484:0520/142426:INFO:CONSOLE(2766)] "Loading patterns from https://capture-patterns.s3.amazonaws.com/capture-community-patterns-alpha.txt?ts=967", source: chrome-extension://lhinekhdnmegailnmihlaffpgdlcnkdk/background/selection.js (2766)
[11484:11484:0520/142427:INFO:CONSOLE(0)] "'webkitURL' is deprecated. Please use 'URL' instead.", source:  (0)
[11484:11484:0520/142427:INFO:CONSOLE(143)] "******************************** PORT CONNECTED", source: chrome-extension://lhinekhdnmegailnmihlaffpgdlcnkdk/js/backgroundB.js (143)
[11484:11484:0520/142427:INFO:CONSOLE(144)] "background.js->0.7650557041066239->addListener", source: chrome-extension://lhinekhdnmegailnmihlaffpgdlcnkdk/js/backgroundB.js (144)
[11484:11484:0520/142427:INFO:CONSOLE(148)] "background.js->0.7650557041066239->onMessage", source: chrome-extension://lhinekhdnmegailnmihlaffpgdlcnkdk/js/backgroundB.js (148)
[11484:11484:0520/142427:INFO:CONSOLE(153)] "background.js->0.7650557041066239->getting contentSettings", source: chrome-extension://lhinekhdnmegailnmihlaffpgdlcnkdk/js/backgroundB.js (153)
[11484:11484:0520/142427:INFO:CONSOLE(161)] "background.js->0.7650557041066239->contentSettings were loaded successfully.", source: chrome-extension://lhinekhdnmegailnmihlaffpgdlcnkdk/js/backgroundB.js (161)
[11484:11484:0520/142427:INFO:CONSOLE(176)] "background.js->0.7650557041066239->AllowNotification=", source: chrome-extension://lhinekhdnmegailnmihlaffpgdlcnkdk/js/backgroundB.js (176)
[11484:11484:0520/142427:INFO:CONSOLE(204)] "background.js->0.7650557041066239->getPatterns", source: chrome-extension://lhinekhdnmegailnmihlaffpgdlcnkdk/js/backgroundB.js (204)
[11484:11484:0520/142427:INFO:CONSOLE(2204)] "domain", source: chrome-extension://lhinekhdnmegailnmihlaffpgdlcnkdk/background/selection.js (2204)
[11484:11484:0520/142427:INFO:CONSOLE(148)] "background.js->0.7650557041066239->onMessage", source: chrome-extension://lhinekhdnmegailnmihlaffpgdlcnkdk/js/backgroundB.js (148)
[11484:11484:0520/142427:INFO:CONSOLE(318)] "background.js->0.7650557041066239->FindInCRM", source: chrome-extension://lhinekhdnmegailnmihlaffpgdlcnkdk/js/backgroundB.js (318)
[11484:11484:0520/142427:INFO:CONSOLE(507)] "read record", source: chrome-extension://lhinekhdnmegailnmihlaffpgdlcnkdk/js/backgroundB.js (507)
[11484:11484:0520/142427:INFO:CONSOLE(326)] "background.js->0.7650557041066239->respond", source: chrome-extension://lhinekhdnmegailnmihlaffpgdlcnkdk/js/backgroundB.js (326)
[11484:11484:0520/142427:INFO:CONSOLE(2772)] "Loading patterns", source: chrome-extension://lhinekhdnmegailnmihlaffpgdlcnkdk/background/selection.js (2772)
[11484:11484:0520/142427:INFO:CONSOLE(2772)] "Loading patterns", source: chrome-extension://lhinekhdnmegailnmihlaffpgdlcnkdk/background/selection.js (2772)
[11484:11484:0520/142427:INFO:CONSOLE(2743)] "Pattern Parser Reposne > ", source: chrome-extension://lhinekhdnmegailnmihlaffpgdlcnkdk/background/selection.js (2743)
[11484:11484:0520/142427:INFO:CONSOLE(4571)] "Error > ", source: chrome-extension://lhinekhdnmegailnmihlaffpgdlcnkdk/background/selection.js (4571)
[11484:11484:0520/142428:INFO:CONSOLE(637)] "******************************** PORT DISCONNECTED", source: chrome-extension://lhinekhdnmegailnmihlaffpgdlcnkdk/js/backgroundB.js (637)
[11484:11484:0520/142428:INFO:CONSOLE(4559)] "TEST", source: chrome-extension://lhinekhdnmegailnmihlaffpgdlcnkdk/background/selection.js (4559)
[11484:11484:0520/142428:INFO:CONSOLE(2722)] "Load Patterns", source: chrome-extension://lhinekhdnmegailnmihlaffpgdlcnkdk/background/selection.js (2722)
[11484:11484:0520/142428:INFO:CONSOLE(2723)] "Alpha?", source: chrome-extension://lhinekhdnmegailnmihlaffpgdlcnkdk/background/selection.js (2723)
[11484:11484:0520/142428:INFO:CONSOLE(2766)] "Loading patterns from https://www.broadlook.com/capturecorepatternsalpha.txt?ts=210", source: chrome-extension://lhinekhdnmegailnmihlaffpgdlcnkdk/background/selection.js (2766)
[11484:11484:0520/142428:INFO:CONSOLE(2766)] "Loading patterns from https://capture-patterns.s3.amazonaws.com/capture-community-patterns-alpha.txt?ts=213", source: chrome-extension://lhinekhdnmegailnmihlaffpgdlcnkdk/background/selection.js (2766)
[11484:11484:0520/142428:INFO:CONSOLE(0)] "'webkitURL' is deprecated. Please use 'URL' instead.", source:  (0)
[11484:11484:0520/142428:INFO:CONSOLE(2772)] "Loading patterns", source: chrome-extension://lhinekhdnmegailnmihlaffpgdlcnkdk/background/selection.js (2772)
[11484:11484:0520/142428:INFO:CONSOLE(2772)] "Loading patterns", source: chrome-extension://lhinekhdnmegailnmihlaffpgdlcnkdk/background/selection.js (2772)
[11484:11484:0520/142428:INFO:CONSOLE(2743)] "Pattern Parser Reposne > ", source: chrome-extension://lhinekhdnmegailnmihlaffpgdlcnkdk/background/selection.js (2743)
[11484:11484:0520/142428:INFO:CONSOLE(4571)] "Error > ", source: chrome-extension://lhinekhdnmegailnmihlaffpgdlcnkdk/background/selection.js (4571)
[11484:11484:0520/142430:INFO:CONSOLE(143)] "******************************** PORT CONNECTED", source: chrome-extension://lhinekhdnmegailnmihlaffpgdlcnkdk/js/backgroundB.js (143)
[11484:11484:0520/142430:INFO:CONSOLE(144)] "background.js->0.7650557041066239->addListener", source: chrome-extension://lhinekhdnmegailnmihlaffpgdlcnkdk/js/backgroundB.js (144)
[11484:11484:0520/142430:INFO:CONSOLE(148)] "background.js->0.7650557041066239->onMessage", source: chrome-extension://lhinekhdnmegailnmihlaffpgdlcnkdk/js/backgroundB.js (148)
[11484:11484:0520/142430:INFO:CONSOLE(153)] "background.js->0.7650557041066239->getting contentSettings", source: chrome-extension://lhinekhdnmegailnmihlaffpgdlcnkdk/js/backgroundB.js (153)
[11484:11484:0520/142430:INFO:CONSOLE(161)] "background.js->0.7650557041066239->contentSettings were loaded successfully.", source: chrome-extension://lhinekhdnmegailnmihlaffpgdlcnkdk/js/backgroundB.js (161)
[11484:11484:0520/142430:INFO:CONSOLE(176)] "background.js->0.7650557041066239->AllowNotification=", source: chrome-extension://lhinekhdnmegailnmihlaffpgdlcnkdk/js/backgroundB.js (176)
[11484:11484:0520/142430:INFO:CONSOLE(204)] "background.js->0.7650557041066239->getPatterns", source: chrome-extension://lhinekhdnmegailnmihlaffpgdlcnkdk/js/backgroundB.js (204)
[11484:11484:0520/142430:INFO:CONSOLE(2204)] "domain", source: chrome-extension://lhinekhdnmegailnmihlaffpgdlcnkdk/background/selection.js (2204)
[11484:11484:0520/142430:INFO:CONSOLE(148)] "background.js->0.7650557041066239->onMessage", source: chrome-extension://lhinekhdnmegailnmihlaffpgdlcnkdk/js/backgroundB.js (148)
[11484:11484:0520/142430:INFO:CONSOLE(318)] "background.js->0.7650557041066239->FindInCRM", source: chrome-extension://lhinekhdnmegailnmihlaffpgdlcnkdk/js/backgroundB.js (318)
[11484:11484:0520/142430:INFO:CONSOLE(507)] "read record", source: chrome-extension://lhinekhdnmegailnmihlaffpgdlcnkdk/js/backgroundB.js (507)
[11484:11484:0520/142430:INFO:CONSOLE(326)] "background.js->0.7650557041066239->respond", source: chrome-extension://lhinekhdnmegailnmihlaffpgdlcnkdk/js/backgroundB.js (326)
[11484:11484:0520/142431:INFO:CONSOLE(637)] "******************************** PORT DISCONNECTED", source: chrome-extension://lhinekhdnmegailnmihlaffpgdlcnkdk/js/backgroundB.js (637)
[11484:11484:0520/142431:INFO:CONSOLE(4559)] "TEST", source: chrome-extension://lhinekhdnmegailnmihlaffpgdlcnkdk/background/selection.js (4559)
[11484:11484:0520/142431:INFO:CONSOLE(2722)] "Load Patterns", source: chrome-extension://lhinekhdnmegailnmihlaffpgdlcnkdk/background/selection.js (2722)
[11484:11484:0520/142431:INFO:CONSOLE(2723)] "Alpha?", source: chrome-extension://lhinekhdnmegailnmihlaffpgdlcnkdk/background/selection.js (2723)
[11484:11484:0520/142431:INFO:CONSOLE(2766)] "Loading patterns from https://www.broadlook.com/capturecorepatternsalpha.txt?ts=299", source: chrome-extension://lhinekhdnmegailnmihlaffpgdlcnkdk/background/selection.js (2766)
[11484:11484:0520/142431:INFO:CONSOLE(2766)] "Loading patterns from https://capture-patterns.s3.amazonaws.com/capture-community-patterns-alpha.txt?ts=301", source: chrome-extension://lhinekhdnmegailnmihlaffpgdlcnkdk/background/selection.js (2766)
[11484:11484:0520/142431:INFO:CONSOLE(0)] "'webkitURL' is deprecated. Please use 'URL' instead.", source:  (0)
[11484:11484:0520/142431:INFO:CONSOLE(2772)] "Loading patterns", source: chrome-extension://lhinekhdnmegailnmihlaffpgdlcnkdk/background/selection.js (2772)
[11484:11484:0520/142431:INFO:CONSOLE(2772)] "Loading patterns", source: chrome-extension://lhinekhdnmegailnmihlaffpgdlcnkdk/background/selection.js (2772)
[11484:11484:0520/142431:INFO:CONSOLE(2743)] "Pattern Parser Reposne > ", source: chrome-extension://lhinekhdnmegailnmihlaffpgdlcnkdk/background/selection.js (2743)
[11484:11484:0520/142431:INFO:CONSOLE(4564)] "Pattern Engine Record > ", source: chrome-extension://lhinekhdnmegailnmihlaffpgdlcnkdk/background/selection.js (4564)
[11484:11484:0520/142431:INFO:CONSOLE(4567)] "Capture Record > ", source: chrome-extension://lhinekhdnmegailnmihlaffpgdlcnkdk/background/selection.js (4567)
[11484:11484:0520/142431:INFO:CONSOLE(4568)] "{"c":"2016-05-20T11:24:31.803Z","_dived":false,"_enhanced":false,"_enhancing":false,"_hidden":false,"_new":true,"id":null,"flags":null,"phone1src":null,"mark":null,"sourceurl":"","first":"","last":"","jobtitle":"","company":"","email":"","phone":"","phone2":"","website":"","bio":"","address1":"","address2":"","city":"","state":"","zip":"","country":"","venues":[],"linkedin":null,"twitter":null,"facebook":null,"employeesAvg":null,"revenueAvg":null,"_hasOtherVenues":false,"full":"","emailverbool":false,"email2verbool":false}", source: chrome-extension://lhinekhdnmegailnmihlaffpgdlcnkdk/background/selection.js (4568)
[11484:11484:0520/142433:INFO:CONSOLE(143)] "******************************** PORT CONNECTED", source: chrome-extension://lhinekhdnmegailnmihlaffpgdlcnkdk/js/backgroundB.js (143)
[11484:11484:0520/142433:INFO:CONSOLE(144)] "background.js->0.7650557041066239->addListener", source: chrome-extension://lhinekhdnmegailnmihlaffpgdlcnkdk/js/backgroundB.js (144)
[11484:11484:0520/142433:INFO:CONSOLE(148)] "background.js->0.7650557041066239->onMessage", source: chrome-extension://lhinekhdnmegailnmihlaffpgdlcnkdk/js/backgroundB.js (148)
[11484:11484:0520/142433:INFO:CONSOLE(153)] "background.js->0.7650557041066239->getting contentSettings", source: chrome-extension://lhinekhdnmegailnmihlaffpgdlcnkdk/js/backgroundB.js (153)
[11484:11484:0520/142433:INFO:CONSOLE(161)] "background.js->0.7650557041066239->contentSettings were loaded successfully.", source: chrome-extension://lhinekhdnmegailnmihlaffpgdlcnkdk/js/backgroundB.js (161)
[11484:11484:0520/142433:INFO:CONSOLE(176)] "background.js->0.7650557041066239->AllowNotification=", source: chrome-extension://lhinekhdnmegailnmihlaffpgdlcnkdk/js/backgroundB.js (176)
[11484:11484:0520/142433:INFO:CONSOLE(204)] "background.js->0.7650557041066239->getPatterns", source: chrome-extension://lhinekhdnmegailnmihlaffpgdlcnkdk/js/backgroundB.js (204)
[11484:11484:0520/142433:INFO:CONSOLE(2204)] "domain", source: chrome-extension://lhinekhdnmegailnmihlaffpgdlcnkdk/background/selection.js (2204)
[11484:11484:0520/142433:INFO:CONSOLE(148)] "background.js->0.7650557041066239->onMessage", source: chrome-extension://lhinekhdnmegailnmihlaffpgdlcnkdk/js/backgroundB.js (148)
[11484:11484:0520/142433:INFO:CONSOLE(318)] "background.js->0.7650557041066239->FindInCRM", source: chrome-extension://lhinekhdnmegailnmihlaffpgdlcnkdk/js/backgroundB.js (318)
[11484:11484:0520/142433:INFO:CONSOLE(507)] "read record", source: chrome-extension://lhinekhdnmegailnmihlaffpgdlcnkdk/js/backgroundB.js (507)
[11484:11484:0520/142433:INFO:CONSOLE(684)] "*** candidate", source: chrome-extension://lhinekhdnmegailnmihlaffpgdlcnkdk/js/backgroundB.js (684)
[11484:11484:0520/142434:INFO:CONSOLE(637)] "******************************** PORT DISCONNECTED", source: chrome-extension://lhinekhdnmegailnmihlaffpgdlcnkdk/js/backgroundB.js (637)
[11484:11484:0520/142435:INFO:CONSOLE(4559)] "TEST", source: chrome-extension://lhinekhdnmegailnmihlaffpgdlcnkdk/background/selection.js (4559)
[11484:11484:0520/142435:INFO:CONSOLE(2722)] "Load Patterns", source: chrome-extension://lhinekhdnmegailnmihlaffpgdlcnkdk/background/selection.js (2722)
[11484:11484:0520/142435:INFO:CONSOLE(2723)] "Alpha?", source: chrome-extension://lhinekhdnmegailnmihlaffpgdlcnkdk/background/selection.js (2723)
[11484:11484:0520/142435:INFO:CONSOLE(2766)] "Loading patterns from https://www.broadlook.com/capturecorepatternsalpha.txt?ts=20", source: chrome-extension://lhinekhdnmegailnmihlaffpgdlcnkdk/background/selection.js (2766)
[11484:11484:0520/142435:INFO:CONSOLE(2766)] "Loading patterns from https://capture-patterns.s3.amazonaws.com/capture-community-patterns-alpha.txt?ts=22", source: chrome-extension://lhinekhdnmegailnmihlaffpgdlcnkdk/background/selection.js (2766)
[11484:11484:0520/142435:INFO:CONSOLE(0)] "'webkitURL' is deprecated. Please use 'URL' instead.", source:  (0)
[11484:11484:0520/142435:INFO:CONSOLE(2772)] "Loading patterns", source: chrome-extension://lhinekhdnmegailnmihlaffpgdlcnkdk/background/selection.js (2772)
[11484:11484:0520/142435:INFO:CONSOLE(2772)] "Loading patterns", source: chrome-extension://lhinekhdnmegailnmihlaffpgdlcnkdk/background/selection.js (2772)
[11484:11484:0520/142435:INFO:CONSOLE(2743)] "Pattern Parser Reposne > ", source: chrome-extension://lhinekhdnmegailnmihlaffpgdlcnkdk/background/selection.js (2743)
[11484:11484:0520/142435:INFO:CONSOLE(4571)] "Error > ", source: chrome-extension://lhinekhdnmegailnmihlaffpgdlcnkdk/background/selection.js (4571)
[11484:11484:0520/142436:INFO:CONSOLE(143)] "******************************** PORT CONNECTED", source: chrome-extension://lhinekhdnmegailnmihlaffpgdlcnkdk/js/backgroundB.js (143)
[11484:11484:0520/142436:INFO:CONSOLE(144)] "background.js->0.7650557041066239->addListener", source: chrome-extension://lhinekhdnmegailnmihlaffpgdlcnkdk/js/backgroundB.js (144)
[11484:11484:0520/142436:INFO:CONSOLE(148)] "background.js->0.7650557041066239->onMessage", source: chrome-extension://lhinekhdnmegailnmihlaffpgdlcnkdk/js/backgroundB.js (148)
[11484:11484:0520/142436:INFO:CONSOLE(153)] "background.js->0.7650557041066239->getting contentSettings", source: chrome-extension://lhinekhdnmegailnmihlaffpgdlcnkdk/js/backgroundB.js (153)
[11484:11484:0520/142436:INFO:CONSOLE(161)] "background.js->0.7650557041066239->contentSettings were loaded successfully.", source: chrome-extension://lhinekhdnmegailnmihlaffpgdlcnkdk/js/backgroundB.js (161)
[11484:11484:0520/142436:INFO:CONSOLE(176)] "background.js->0.7650557041066239->AllowNotification=", source: chrome-extension://lhinekhdnmegailnmihlaffpgdlcnkdk/js/backgroundB.js (176)
[11484:11484:0520/142436:INFO:CONSOLE(204)] "background.js->0.7650557041066239->getPatterns", source: chrome-extension://lhinekhdnmegailnmihlaffpgdlcnkdk/js/backgroundB.js (204)
[11484:11484:0520/142436:INFO:CONSOLE(2204)] "domain", source: chrome-extension://lhinekhdnmegailnmihlaffpgdlcnkdk/background/selection.js (2204)
[11484:11484:0520/142436:INFO:CONSOLE(148)] "background.js->0.7650557041066239->onMessage", source: chrome-extension://lhinekhdnmegailnmihlaffpgdlcnkdk/js/backgroundB.js (148)
[11484:11484:0520/142436:INFO:CONSOLE(318)] "background.js->0.7650557041066239->FindInCRM", source: chrome-extension://lhinekhdnmegailnmihlaffpgdlcnkdk/js/backgroundB.js (318)
[11484:11484:0520/142436:INFO:CONSOLE(507)] "read record", source: chrome-extension://lhinekhdnmegailnmihlaffpgdlcnkdk/js/backgroundB.js (507)
[11484:11484:0520/142436:INFO:CONSOLE(684)] "*** candidate", source: chrome-extension://lhinekhdnmegailnmihlaffpgdlcnkdk/js/backgroundB.js (684)
